<?xml version="1.0" encoding="UTF-8"?>
<!-- Generated by org.testng.reporters.JUnitXMLReporter -->
<testsuite ignored="0" hostname="DESKTOP-0GL55Q8" failures="0" tests="4" name="Test" time="41.114" errors="0" timestamp="07 Apr 2021 05:22:22 GMT">
  <testcase classname="org.baseclass.LoginPage" name="tc0" time="3.975"/>
  <testcase classname="org.baseclass.LoginPage" name="tc1" time="2.037"/>
  <testcase classname="org.baseclass.LoginPage" name="tc2" time="0.777"/>
  <testcase classname="org.baseclass.LoginPage" name="tc3" time="8.382"/>
</testsuite> <!-- Test -->
